32624417976858159136143536144367388614132489392727696597741781989493794472213287213817244284484
534X252X48849985357X452X425X2X6718XX36X5X345194X5X2514147XX59727369999741X5X5X33XX2282X12883268
7662153288246455224X4942441183X3X8278X242569563153XX14475X39985142921931415X14531255XX7885115X4
43X67X1686131X12X1X2999223348562X377878223294X74341X3X881X1651X26X5392X3X45123X6X235X42553X3X33
85855X1291X88126288453936X5X35X223253X88557166754735272612147XX2X223993221543XX166X6251X423XX24
5881314696264X46464X6X15X64X42124X5X42X817X72X1X3X7778642X3441X2X148581X697163213547X55771472X2
557388438355427X465321111XXX56X624X34X2X172994X315X2782X2432441X366X14X56975X2121XX1X12X7747X37
2X483X174X4X37714X4X577355431X5X5X4X2664263173279522251X577XX6884X587X5667473568X37X1X232X22X53
6678226X123X3715652XX35411X2X12X1773X899835X337895334432X4515X61126871X4X28X6X6521763X6X751X499
1X49934757X18X6XXX1535996715221285997X3846X764X64XX3X53XX555356933636X22X156XX311X7175X6X33X336
7368453843423713X16XX4851746993599683X4457774X45771X26213X1X4469756572X24157713413X282233XX1634
12283X3841X5889637X545XX3946112226127526154151X65513467XX111X3X475559931XX325X66X218X4332333X11
754265534X5861922525645689816X214X23X2X6763X8658X377133163874X34833467X374X17743X5516X834153567
14X6X244421XX68345X36X599767468X35233531X116X6X24X7241X5X7X146X6X4X563317631X63X31X277XXX2X5755
511456X457341352563X3X39971X7365X5XX356524243X3114546X4X155331X3772X331X13255222514774X34674762
635XX43557XXX1638X15X35793X1X46X3423X48X36925X374533X3881X45711X3132XX2124X31892X7231543577X214
554XX3215X234668742X27X47153465551551332X393X3X7891X324423669972675X3179342XX2925X1585X73131326
81X33X6X52X53X282514451X4X5116X2XX321X64215651339922X4154X4238443923993958X62X3615368767825X3X1
613X163X3726X4X5553X3X43653X666665188793XX46115519677547X266X5X5899711X37X667646X7774424X556632
8XXX47X339992X15X6X442X1XX1X3488689353915654894445513143X14X6X423983XX5883X1885725776652X332174
35433752547816XX13X14X763X41217882982293261899651339835X1126864XX27826525533X8177652X64X4X16X78
9622319968866436X235X5X5X1XX2X717133162X5574214965696235X135X846242868XX416X184455333361727X178
51X71X2445694X243X732X3X12712477432456211773311957X7X8XX24X44X287558X7X124X12XX2X616X1799175X38
346X52X3327992X3X7X6X432X5X66X731X31X5X6184345X67XX366351X1427382647571XX1X343X4X643X33698132X5
1XX6993234X8121X25877XX1543453663X33741X284X27113X1X478X74X33X555X2516X31826671667X57X1X6688751
542731X44X133621478553435124X3668715XX2X11X15XX16XX115137X46X343X1524X1X5876374X8826X4639624159
28X8X22X76X33X3X51841X46X2X27421XX1X16X1263244322447X788678XX245637423X2X36X3327866278X4931X232
7212X736X34X3X24523X1X2333X1XX4881X42X13X664X5X5X5X346881661345565X37X2851X23X25321X47489945752
31423X3X1381311X4X431677X34X23887XX4364566X1612532X31663571X21X53469922X3XX2613X32424X189419729
2X43431X659952X3X165464X2X126X466125561X511588273435X72X7X664426X267734X221X654465X116771439199
44XX41X3XX32XX21237X3475123161573145X5X6X5X4231X277667113557X14X446718X2X1X6X444X4X22X2X4X39177
6355X23324X113X3442X33X518X4X2971566X347XX4313177X111X7991276955777311XX15365732241X27X16434336
84X11X576X4635358XX41X2347531594X2995X2774X4X1442X38853834X479514291X2327713474X25X45124666X616
4951613736884XX26X14X1XX342XX3126325765417465X48129954284X17785283973443524X4275X632X71X51248X4
59829325X6133776X48664X1X32511X8X515X5421998831XX455X13313676357XX354444X773177X26X17761945X881
92729986417555463682851X117717X12886452X11973X6612311X5345X5268831577433588676511X6X5937915X512
816X5114X1X35X328643X433X3251747683XX1X11X33551136X5X286XX63X18761X1X1688656XX5XX27739127553X76
83X5X6X5213312999763591X6XX3563X89531414X2X3X6465X4X31X1568914765X3XX278X363X1763X6224X2X36X2X3
33334355118741785X4X79664414366199656X152XX546463583X5645849875657X628X1X68817X466614614X3331X4
6X32X6514381557751423243X51X2X116263435X43373X5356X425X4281942X6143X452214188122X3X3477X677XX13
64677X255822137459121X666661XX563X146995411X31XX6X64253X1765522538814X4X2X3141X4X2288637X12X522
661167431XX5X33X79971345X13132X7513313124XX3246547761XX51X666314X33XX3X2X46X342451X227614686666
5XX51763232XX1X4285X1412X2X1X2395346X24X2X1X46X882532X57621X247764X2434128X67X55XX1X575443XX488
9538635323123XXX33348996142X339936X52411X244X3441735X35X4577899124X14748315564545215X48X1X33975
82182X17X154X214XXX155471X5237757763887512X245XX172X154X4244X4813X13376X662X1232999251288649918
57X7XX1123X52X1XX33552271167X233773X2X5X6X265XX3X35567X532X43253X56X31636423372117825XX46538651
6XX431388555X35726351766X3474X45X321X12X1157X1X116X26X88452X1X2X2346653X568X5X2X243X2636X324695
8441317996217X2737X5X71X1777628255652772X367121XX45X5X531XX131613573641236526X35553437432X1X693
2X331999913415952XX2433285367584X5626711X2X642XX4XX313643X23X56512X1423XX2XX121X13787753X3X3X39
512X15236466199525227288847774645518899731161X31335X2277X474X45X445213282331552X313X723211381X6
11X2X234X85544814XX3X6778862776771327261211622X6XX2X3X3257X21X427X6X6699745X33X5X1X651XX3X79933
237X3X13385136316235664625X415X87X5236XX14X43X11567322X5122961X515652691X4XXX1X31X4XX5662244659
91X7X34X7354X6446662X34883567X6863X3XXX2X55885X32XX61X1X5269256X1771X1244554326X211X64222X4X262
977X5242714671X72X77433566555175XX1XX14455451X15X777X2X17337521X1X71348X2191122X32X7X52X5546X66
5X2472X3X4999588772349968X6X1183155X54X37XX125X436995525X3X1X1X32X4565X4359743X155X36X5861X44X4
525187117353258734673391X6XXX3X522X16233533458458881118831353X66X33XX12X1X33X4422X26646X118X773
427387737335715943272772553X36XX5XX4X2X4X2X469975474X362256X33162241111X57726XX3715X3453491X228
8576213X6873XX59981544688993X34X343X455442X363652424211151248836468X85X267231514X1X2991X3913X23
541X68X88X66762458X533X222132863X441X431364779954XX23121X366X7212275X1526238X6X465158542X31XXX3
43X372684164X26345792728997228X7XX34315X56X1365X224333X35X7X46X1X16413XX44X47X27993X11263X42337
6332X7775X361XX42149992574XX386424562286X4XX33355X4424X32X4616884X2X6321131914664677611X22X6117
81885X61X27XX1X43314434574311168X77X159931X3X2X4X135X623XX399147X4X78XXX36398X3323568X765X18716
75X5733246412X323555X6X41X233217X1442662X2344757X2243885844671737XX4543558241437771126X7636X8X3
36X1X55X2663X16299726458X27766X4675X13XX371377475X4XX473974X16X1653X1XXX3X455X722225XX679955178
44266324X472566527466X228X8816118XX4X1X57X66X31136641674953199167X31X2X2X6X41682X6XX35274512242
912333X22678132X371X6354826314234X2X32627447789353X32X88287444X1X7843X2XX2X1218778825X371434X58
81732831X62X771565X591X5516374X1X4423673122429949955X34188654X4557X264X23X488X5717XX42557516357
51XX5X22XXX473266X489842361487734875X4717554X585238XX13X35X6X6X3X35X85316624XX3X5434X4X2XX2X115
92651XX46616X641257786882X77X15X58326742X5446X645X821413X3X156X55154X41X611XX356XX7X461334925X1
16772336X1XX477725775641X6176X53X795378X6X11477X427747X21XX11238345666168XX25664X47267717894575
814757751X12X46X346656346991X56XX5997X37X2X3562145X3X45923214858787445266X26728954X5X63X63334X1
91X14161826X562X58X432X171627X6XX2594X39415X2669985423393XX16816185481335413X129122X1X11323X139
991X21888516X7X126XX2X5173X5X46236X7225962XX2X3616555XX1311X7XX7X118848215X314314XX255788X221X7
24X4X1484X3365747XX234XX1735772995266X24X5X3X5X5143981X4X35X377541X5X28XX45X67X2X1314X3644X5349
541X1131335883X4653735314X599644343133232134XX2X773922126X44X21X844511654422431X365X7354724X642
413897X4XX4X65357X4975X3XX56522X2X756X45XX3X55X1X7463X3X3798334185272266125X34X21X22885X7X26X78
43889862665X644X21898333119931523393764433657X277X3X3452389359967987XX12X4532548854X18679254238
826735XX46724233XX434785X3376656559877X4X56X32X2122129978156X554796321113X3X362262182835925X245
833X32X25884993XX218X3X22XX2X52XX4454X145X22832X6X16X37194X83X1136X5531333157X66XX3871119575X21
2X17XXX4411111252442151X1X32X58625576531X1148X1X332X6459931XX14XX369974945X7XX1431X1X3X54XX6357
6233352X26X5366765X24X51X4X412833X775152467556X1X3X1756863164XX51671315971213154XX2X21164X2X389
324X4566116X341X2645XX5X6X14467XX2813356X67123134X32X234512X662X66X442475677996XX1X1224673X1125
987114X22X2642563XX544X2X77632622884X36334527X31X33X344615X64X6X62114X51391641X23X2X1X417727657
93522X29235X55272X16XX335113X3X6X4XX367X1X21218577XX124XX36X25X1X6X2X772293X568512X25178873X885
1211553942X256991115XX1253XX12261X6333346544X4864XX5511X3352827531X2488655X1X7X226588133X33X188
2618188946638975XX3222X334X425X4X3855X1277346635444X13XX3477X5X16X1277365339222X88611X4X21XX235
67X8458868X4495416X666531465X12942X371972688617X41217232X1362X5263XX24135X3916X456122426X351X43
93X46447544X27426X167264997351895X12X2951887X422X77X7XXX42X2448881X1X425X661XX2X5X635X3X14X1259
927X61272X587423311998791637X359645X437X22X66X3X1X2551X34X243154442X788756178434X48821123865996
35744418812X4XX2X437955973X66651X5X4X48426652X515X429346X5X46745X3X222X425X6X77522236X12X8XX574
4X6775X7725632244435886513X5X4XX132458X8X14753XXX288962253467X23346523X42X1883161XX3437X6121432
67X73423411X17781776583X8837X2XX231438443X5X3X2332378177X67X4458X3X6314X118X5337725X327367X2466
6X5644961451428X5X6349923635X5316XX26132X2X4X32X36624X312766X432X15XX6557X66X3X33XX251569976113
115X6793X66468X1X577722886316X12332X624313263X239422X2732X4686433887264385X52146515757X74135X23
95242437541272743856171815263297936682692739836992164271952499528731562584161578191812579739611
